<?xml version="1.0" encoding="UTF-8"?>
<!-- Generated by org.testng.reporters.JUnitReportReporter -->
<testsuite hostname="LAPTOP-HF7NG02K" failures="1" tests="4" name="com.abc.testcases.NetBankingTestCases" time="3.791" errors="0" timestamp="2023-12-18T09:43:38 IST" skipped="3">
  <testcase classname="com.abc.testcases.NetBankingTestCases" name="getParticularAccountTestCases" time="3.791">
    <failure message=" details are not matching ( details are not matching) expected [[Ljava.lang.Object;@30c3ae63] but found [null]" type="java.lang.AssertionError">
      <![CDATA[java.lang.AssertionError:  details are not matching ( details are not matching) expected [[Ljava.lang.Object;@30c3ae63] but found [null]
at org.testng.Assert.fail(Assert.java:111)
at org.testng.Assert.failNotEquals(Assert.java:1578)
at org.testng.Assert.assertArrayEquals(Assert.java:218)
at org.testng.Assert.assertEquals(Assert.java:129)
at com.abc.bankingendpoints.TestBankingEndpoints.getSpecificAccount(TestBankingEndpoints.java:96)
at com.abc.testcases.NetBankingTestCases.getParticularAccountTestCases(NetBankingTestCases.java:59)
at java.base/jdk.internal.reflect.NativeMethodAccessorImpl.invoke0(Native Method)
at java.base/jdk.internal.reflect.NativeMethodAccessorImpl.invoke(NativeMethodAccessorImpl.java:77)
at java.base/jdk.internal.reflect.DelegatingMethodAccessorImpl.invoke(DelegatingMethodAccessorImpl.java:43)
at java.base/java.lang.reflect.Method.invoke(Method.java:568)
at org.testng.internal.invokers.MethodInvocationHelper.invokeMethod(MethodInvocationHelper.java:139)
at org.testng.internal.invokers.TestInvoker.invokeMethod(TestInvoker.java:664)
at org.testng.internal.invokers.TestInvoker.invokeTestMethod(TestInvoker.java:227)
at org.testng.internal.invokers.MethodRunner.runInSequence(MethodRunner.java:50)
at org.testng.internal.invokers.TestInvoker$MethodInvocationAgent.invoke(TestInvoker.java:957)
at org.testng.internal.invokers.TestInvoker.invokeTestMethods(TestInvoker.java:200)
at org.testng.internal.invokers.TestMethodWorker.invokeTestMethods(TestMethodWorker.java:148)
at org.testng.internal.invokers.TestMethodWorker.run(TestMethodWorker.java:128)
at java.base/java.util.ArrayList.forEach(ArrayList.java:1511)
at org.testng.TestRunner.privateRun(TestRunner.java:848)
at org.testng.TestRunner.run(TestRunner.java:621)
at org.testng.SuiteRunner.runTest(SuiteRunner.java:443)
at org.testng.SuiteRunner.runSequentially(SuiteRunner.java:437)
at org.testng.SuiteRunner.privateRun(SuiteRunner.java:397)
at org.testng.SuiteRunner.run(SuiteRunner.java:336)
at org.testng.SuiteRunnerWorker.runSuite(SuiteRunnerWorker.java:52)
at org.testng.SuiteRunnerWorker.run(SuiteRunnerWorker.java:95)
at org.testng.TestNG.runSuitesSequentially(TestNG.java:1280)
at org.testng.TestNG.runSuitesLocally(TestNG.java:1200)
at org.testng.TestNG.runSuites(TestNG.java:1114)
at org.testng.TestNG.run(TestNG.java:1082)
at org.testng.remote.AbstractRemoteTestNG.run(AbstractRemoteTestNG.java:115)
at org.testng.remote.RemoteTestNG.initAndRun(RemoteTestNG.java:251)
at org.testng.remote.RemoteTestNG.main(RemoteTestNG.java:77)
]]>
    </failure>
  </testcase> <!-- getParticularAccountTestCases -->
  <testcase classname="com.abc.testcases.NetBankingTestCases" name="deleteTestCases">
    <skipped/>
  </testcase> <!-- deleteTestCases -->
  <testcase classname="com.abc.testcases.NetBankingTestCases" name="putAccountTestCases">
    <skipped/>
  </testcase> <!-- putAccountTestCases -->
  <testcase classname="com.abc.testcases.NetBankingTestCases" name="getAllAccountTestCases">
    <skipped/>
  </testcase> <!-- getAllAccountTestCases -->
</testsuite> <!-- com.abc.testcases.NetBankingTestCases -->
